<?xml version="1.0" encoding="UTF-8"?>
<!-- Generated by org.testng.reporters.JUnitXMLReporter -->
<testsuite ignored="0" hostname="WINDOWS-UNR7VLH" failures="0" tests="5" name="Default test" time="74.387" errors="0" timestamp="2023-04-11T16:38:08 IST">
  <testcase classname="com.ebay.testScenarios.PlaceOrder" name="LoginTest" time="20.948"/>
  <testcase classname="com.ebay.testScenarios.PlaceOrder" name="SearchProductPage" time="13.978"/>
  <testcase classname="com.ebay.testScenarios.PlaceOrder" name="SearchResultPage" time="10.933"/>
  <testcase classname="com.ebay.testScenarios.PlaceOrder" name="AddToCart" time="11.826"/>
  <testcase classname="com.ebay.testScenarios.PlaceOrder" name="LogOffpage" time="7.268"/>
</testsuite> <!-- Default test -->
