<?xml version="1.0" encoding="UTF-8"?>
<testng-results ignored="0" total="5" passed="5" failed="0" skipped="0">
  <reporter-output>
  </reporter-output>
  <suite started-at="2023-04-11T16:36:53 IST" name="Default suite" finished-at="2023-04-11T16:38:08 IST" duration-ms="74387">
    <groups>
    </groups>
    <test started-at="2023-04-11T16:36:53 IST" name="Default test" finished-at="2023-04-11T16:38:08 IST" duration-ms="74387">
      <class name="com.ebay.testScenarios.PlaceOrder">
        <test-method is-config="true" signature="beforeClass()[pri:0, instance:com.ebay.testScenarios.PlaceOrder@3bb9a3ff]" started-at="2023-04-11T16:36:53 IST" name="beforeClass" finished-at="2023-04-11T16:37:02 IST" duration-ms="8703" status="PASS">
          <reporter-output>
          </reporter-output>
        </test-method> <!-- beforeClass -->
        <test-method signature="LoginTest()[pri:1, instance:com.ebay.testScenarios.PlaceOrder@3bb9a3ff]" started-at="2023-04-11T16:37:02 IST" name="LoginTest" finished-at="2023-04-11T16:37:23 IST" duration-ms="20948" status="PASS">
          <reporter-output>
          </reporter-output>
        </test-method> <!-- LoginTest -->
        <test-method signature="SearchProductPage()[pri:2, instance:com.ebay.testScenarios.PlaceOrder@3bb9a3ff]" started-at="2023-04-11T16:37:23 IST" name="SearchProductPage" finished-at="2023-04-11T16:37:37 IST" duration-ms="13978" status="PASS">
          <reporter-output>
          </reporter-output>
        </test-method> <!-- SearchProductPage -->
        <test-method signature="SearchResultPage()[pri:3, instance:com.ebay.testScenarios.PlaceOrder@3bb9a3ff]" started-at="2023-04-11T16:37:37 IST" name="SearchResultPage" finished-at="2023-04-11T16:37:48 IST" duration-ms="10933" status="PASS">
          <reporter-output>
          </reporter-output>
        </test-method> <!-- SearchResultPage -->
        <test-method signature="AddToCart()[pri:4, instance:com.ebay.testScenarios.PlaceOrder@3bb9a3ff]" started-at="2023-04-11T16:37:48 IST" name="AddToCart" finished-at="2023-04-11T16:38:00 IST" duration-ms="11826" status="PASS">
          <reporter-output>
          </reporter-output>
        </test-method> <!-- AddToCart -->
        <test-method signature="LogOffpage()[pri:5, instance:com.ebay.testScenarios.PlaceOrder@3bb9a3ff]" started-at="2023-04-11T16:38:00 IST" name="LogOffpage" finished-at="2023-04-11T16:38:07 IST" duration-ms="7268" status="PASS">
          <reporter-output>
          </reporter-output>
        </test-method> <!-- LogOffpage -->
        <test-method is-config="true" signature="afterClass()[pri:0, instance:com.ebay.testScenarios.PlaceOrder@3bb9a3ff]" started-at="2023-04-11T16:38:07 IST" name="afterClass" finished-at="2023-04-11T16:38:08 IST" duration-ms="557" status="PASS">
          <reporter-output>
          </reporter-output>
        </test-method> <!-- afterClass -->
      </class> <!-- com.ebay.testScenarios.PlaceOrder -->
    </test> <!-- Default test -->
  </suite> <!-- Default suite -->
</testng-results>
